[debug] [2023-07-26T06:45:18.077Z] ----------------------------------------------------------------------
[debug] [2023-07-26T06:45:18.079Z] Command:       C:\Program Files\nodejs\node.exe C:\Users\witsa\AppData\Roaming\npm\node_modules\firebase-tools\lib\bin\firebase.js init
[debug] [2023-07-26T06:45:18.079Z] CLI Version:   12.4.6
[debug] [2023-07-26T06:45:18.080Z] Platform:      win32
[debug] [2023-07-26T06:45:18.080Z] Node Version:  v18.12.1
[debug] [2023-07-26T06:45:18.081Z] Time:          Wed Jul 26 2023 13:45:18 GMT+0700 (เวลาอินโดจีน)
[debug] [2023-07-26T06:45:18.081Z] ----------------------------------------------------------------------
[debug] 
[debug] [2023-07-26T06:45:18.088Z] > command requires scopes: ["email","openid","https://www.googleapis.com/auth/cloudplatformprojects.readonly","https://www.googleapis.com/auth/firebase","https://www.googleapis.com/auth/cloud-platform"]
[debug] [2023-07-26T06:45:18.089Z] > authorizing via signed-in user (wisarut.sa@rmuti.ac.th)
[info] 
     ######## #### ########  ######## ########     ###     ######  ########
     ##        ##  ##     ## ##       ##     ##  ##   ##  ##       ##
     ######    ##  ########  ######   ########  #########  ######  ######
     ##        ##  ##    ##  ##       ##     ## ##     ##       ## ##
     ##       #### ##     ## ######## ########  ##     ##  ######  ########

You're about to initialize a Firebase project in this directory:

  C:\Users\witsa\OneDrive\Desktop\CEP\9raja\frontend

[info] 
=== Project Setup
[info] 
[info] First, let's associate this project directory with a Firebase project.
[info] You can create multiple project aliases by running firebase use --add, 
[info] but for now we'll just set up a default project.
[info] 
[debug] [2023-07-26T06:45:44.857Z] >>> [apiv2][query] GET https://firebase.googleapis.com/v1beta1/projects pageSize=100
[debug] [2023-07-26T06:45:45.707Z] <<< [apiv2][status] GET https://firebase.googleapis.com/v1beta1/projects 200
[debug] [2023-07-26T06:45:45.707Z] <<< [apiv2][body] GET https://firebase.googleapis.com/v1beta1/projects [omitted]
[info] i  Using project kkc-iot2023 (KKC-iot2023) 
[info] 
=== Hosting Setup
[info] 
[info] Your public directory is the folder (relative to your project directory) that
[info] will contain Hosting assets to be uploaded with firebase deploy. If you
[info] have a build process for your assets, use your build's output directory.
[info] 
[debug] [2023-07-26T06:45:52.984Z] >>> [apiv2][query] GET https://www.gstatic.com/firebasejs/releases.json [none]
[debug] [2023-07-26T06:45:53.095Z] <<< [apiv2][status] GET https://www.gstatic.com/firebasejs/releases.json 200
[debug] [2023-07-26T06:45:53.096Z] <<< [apiv2][body] GET https://www.gstatic.com/firebasejs/releases.json {"current":{"version":"10.1.0","browserURL":"https://www.gstatic.com/firebasejs/10.1.0/firebase.js","packageURL":"https://www.gstatic.com/firebasejs/10.1.0/firebase.tgz"},"live":{"version":"10.1","browserURL":"https://www.gstatic.com/firebasejs/live/10.1/firebase.js","packageURL":"https://www.gstatic.com/firebasejs/live/10.1/firebase.tgz"},"components":{"analytics":"https://www.gstatic.com/firebasejs/10.1.0/firebase-analytics.js","app":"https://www.gstatic.com/firebasejs/10.1.0/firebase-app.js","app-check":"https://www.gstatic.com/firebasejs/10.1.0/firebase-app-check.js","auth":"https://www.gstatic.com/firebasejs/10.1.0/firebase-auth.js","auth/cordova":"https://www.gstatic.com/firebasejs/10.1.0/firebase-auth/cordova.js","functions":"https://www.gstatic.com/firebasejs/10.1.0/firebase-functions.js","firestore":"https://www.gstatic.com/firebasejs/10.1.0/firebase-firestore.js","firestore/lite":"https://www.gstatic.com/firebasejs/10.1.0/firebase-firestore/lite.js","installations":"https://www.gstatic.com/firebasejs/10.1.0/firebase-installations.js","storage":"https://www.gstatic.com/firebasejs/10.1.0/firebase-storage.js","performance":"https://www.gstatic.com/firebasejs/10.1.0/firebase-performance.js","remote-config":"https://www.gstatic.com/firebasejs/10.1.0/firebase-remote-config.js","messaging":"https://www.gstatic.com/firebasejs/10.1.0/firebase-messaging.js","messaging/sw":"https://www.gstatic.com/firebasejs/10.1.0/firebase-messaging/sw.js","database":"https://www.gstatic.com/firebasejs/10.1.0/firebase-database.js","firestore.memory":"https://www.gstatic.com/firebasejs/10.1.0/firebase-firestore.memory.js"}}
[info] +  Wrote public/index.html 
[info] 
[info] i  Detected a .git folder at C:\Users\witsa\OneDrive\Desktop\CEP\9raja\frontend 
[info] i  Authorizing with GitHub to upload your service account to a GitHub repository's secrets store. 
[info] 
[info] Visit this URL on this device to log in:
[info] https://github.com/login/oauth/authorize?client_id=89cf50f02ac6aaed3484&state=407680215&redirect_uri=http%3A%2F%2Flocalhost%3A9005&scope=read%3Auser%20repo%20public_repo
[info] 
[info] Waiting for authentication...
[debug] [2023-07-26T06:45:58.696Z] >>> [apiv2][query] POST https://github.com/login/oauth/access_token [none]
[debug] [2023-07-26T06:45:58.696Z] >>> [apiv2][body] POST https://github.com/login/oauth/access_token [stream]
[debug] [2023-07-26T06:45:59.106Z] <<< [apiv2][status] POST https://github.com/login/oauth/access_token 200
[debug] [2023-07-26T06:45:59.106Z] <<< [apiv2][body] POST https://github.com/login/oauth/access_token {"access_token":"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","token_type":"bearer","scope":"read:user,repo"}
[debug] [2023-07-26T06:45:59.116Z] >>> [apiv2][query] GET https://api.github.com/user [none]
[debug] [2023-07-26T06:45:59.562Z] <<< [apiv2][status] GET https://api.github.com/user 200
[debug] [2023-07-26T06:45:59.562Z] <<< [apiv2][body] GET https://api.github.com/user {"login":"Krm165","id":105157285,"node_id":"U_kgDOBkSSpQ","avatar_url":"https://avatars.githubusercontent.com/u/105157285?v=4","gravatar_id":"","url":"https://api.github.com/users/Krm165","html_url":"https://github.com/Krm165","followers_url":"https://api.github.com/users/Krm165/followers","following_url":"https://api.github.com/users/Krm165/following{/other_user}","gists_url":"https://api.github.com/users/Krm165/gists{/gist_id}","starred_url":"https://api.github.com/users/Krm165/starred{/owner}{/repo}","subscriptions_url":"https://api.github.com/users/Krm165/subscriptions","organizations_url":"https://api.github.com/users/Krm165/orgs","repos_url":"https://api.github.com/users/Krm165/repos","events_url":"https://api.github.com/users/Krm165/events{/privacy}","received_events_url":"https://api.github.com/users/Krm165/received_events","type":"User","site_admin":false,"name":null,"company":null,"blog":"","location":null,"email":null,"hireable":null,"bio":null,"twitter_username":null,"public_repos":1,"public_gists":0,"followers":0,"following":0,"created_at":"2022-05-08T12:38:04Z","updated_at":"2022-11-15T10:34:27Z","private_gists":0,"total_private_repos":0,"owned_private_repos":0,"disk_usage":0,"collaborators":0,"two_factor_authentication":false,"plan":{"name":"free","space":976562499,"collaborators":0,"private_repos":10000}}
[info] 
[info] +  Success! Logged into GitHub as Krm165 
[info] 
